<?xml version="1.0" encoding="UTF-8"?>
<testsuite xmlns:xsi="http://www.w3.org/2001/XMLSchema-instance" xsi:noNamespaceSchemaLocation="https://maven.apache.org/surefire/maven-surefire-plugin/xsd/surefire-test-report-3.0.xsd" version="3.0" name="com.nuwan.test_project.TestProjectApplicationTests" time="6.634" tests="1" errors="0" skipped="0" failures="0">
  <properties>
[...]
</properties>
  <testcase name="contextLoads" classname="com.nuwan.test_project.TestProjectApplicationTests" time="0.698">
    <system-out><![CDATA[14:13:26.337 [main] INFO org.springframework.test.context.support.AnnotationConfigContextLoaderUtils -- Could not detect default configuration classes for test class [com.nuwan.test_project.TestProjectApplicationTests]: TestProjectApplicationTests does not declare any static, non-private, non-final, nested classes annotated with @Configuration.
14:13:26.434 [main] INFO org.springframework.boot.test.context.SpringBootTestContextBootstrapper -- Found @SpringBootConfiguration com.nuwan.test_project.TestProjectApplication for test class com.nuwan.test_project.TestProjectApplicationTests
  .   ____          _            __ _ _
 /\\ / ___'_ __ _ _(_)_ __  __ _ \ \ \ \
( ( )\___ | '_ | '_| | '_ \/ _` | \ \ \ \
 \\/  ___)| |_)| | | | | || (_| |  ) ) ) )
  '  |____| .__|_| |_|_| |_\__, | / / / /
 =========|_|==============|___/=/_/_/_/

 :: Spring Boot ::                (v3.3.0)

2025-06-07T14:13:26.893+05:30  INFO 24784 --- [test-project] [           main] c.n.t.TestProjectApplicationTests        : Starting TestProjectApplicationTests using Java 17.0.12 with PID 24784 (started by User in C:\Users\User\Downloads\java-liquibase-main\java-liquibase-main)
2025-06-07T14:13:26.895+05:30  INFO 24784 --- [test-project] [           main] c.n.t.TestProjectApplicationTests        : No active profile set, falling back to 1 default profile: "default"
2025-06-07T14:13:27.818+05:30  INFO 24784 --- [test-project] [           main] .s.d.r.c.RepositoryConfigurationDelegate : Bootstrapping Spring Data JPA repositories in DEFAULT mode.
2025-06-07T14:13:27.847+05:30  INFO 24784 --- [test-project] [           main] .s.d.r.c.RepositoryConfigurationDelegate : Finished Spring Data repository scanning in 20 ms. Found 0 JPA repository interfaces.
2025-06-07T14:13:28.431+05:30  INFO 24784 --- [test-project] [           main] com.zaxxer.hikari.HikariDataSource       : HikariPool-1 - Starting...
2025-06-07T14:13:28.718+05:30  INFO 24784 --- [test-project] [           main] com.zaxxer.hikari.pool.HikariPool        : HikariPool-1 - Added connection org.postgresql.jdbc.PgConnection@5b8853
2025-06-07T14:13:28.719+05:30  INFO 24784 --- [test-project] [           main] com.zaxxer.hikari.HikariDataSource       : HikariPool-1 - Start completed.
2025-06-07T14:13:28.874+05:30  INFO 24784 --- [test-project] [           main] liquibase.database                       : Set default schema name to public
2025-06-07T14:13:29.291+05:30  INFO 24784 --- [test-project] [           main] liquibase.changelog                      : Reading resource: db/changelog/001-create-users-table.xml
2025-06-07T14:13:29.540+05:30  INFO 24784 --- [test-project] [           main] liquibase.changelog                      : Creating database history table with name: public.databasechangelog
2025-06-07T14:13:29.592+05:30  INFO 24784 --- [test-project] [           main] liquibase.changelog                      : Reading from public.databasechangelog
2025-06-07T14:13:29.667+05:30  INFO 24784 --- [test-project] [           main] liquibase.lockservice                    : Successfully acquired change log lock
2025-06-07T14:13:29.668+05:30  INFO 24784 --- [test-project] [           main] liquibase.command                        : Using deploymentId: 9285809668
2025-06-07T14:13:29.670+05:30  INFO 24784 --- [test-project] [           main] liquibase.changelog                      : Reading from public.databasechangelog
Running Changeset: db/changelog/001-create-users-table.xml::1-create-users-table::jules
2025-06-07T14:13:29.723+05:30  INFO 24784 --- [test-project] [           main] liquibase.changelog                      : Table users created
2025-06-07T14:13:29.725+05:30  INFO 24784 --- [test-project] [           main] liquibase.changelog                      : ChangeSet db/changelog/001-create-users-table.xml::1-create-users-table::jules ran successfully in 31ms
2025-06-07T14:13:29.736+05:30  INFO 24784 --- [test-project] [           main] liquibase.util                           : UPDATE SUMMARY
2025-06-07T14:13:29.736+05:30  INFO 24784 --- [test-project] [           main] liquibase.util                           : Run:                          1
2025-06-07T14:13:29.737+05:30  INFO 24784 --- [test-project] [           main] liquibase.util                           : Previously run:               0
2025-06-07T14:13:29.737+05:30  INFO 24784 --- [test-project] [           main] liquibase.util                           : Filtered out:                 0
2025-06-07T14:13:29.737+05:30  INFO 24784 --- [test-project] [           main] liquibase.util                           : -------------------------------
2025-06-07T14:13:29.737+05:30  INFO 24784 --- [test-project] [           main] liquibase.util                           : Total change sets:            1
2025-06-07T14:13:29.737+05:30  INFO 24784 --- [test-project] [           main] liquibase.util                           : Update summary generated
2025-06-07T14:13:29.738+05:30  INFO 24784 --- [test-project] [           main] liquibase.command                        : Update command completed successfully.
Liquibase: Update has been successful. Rows affected: 1
2025-06-07T14:13:29.741+05:30  INFO 24784 --- [test-project] [           main] liquibase.lockservice                    : Successfully released change log lock
2025-06-07T14:13:29.742+05:30  INFO 24784 --- [test-project] [           main] liquibase.command                        : Command execution complete
2025-06-07T14:13:29.871+05:30  INFO 24784 --- [test-project] [           main] o.hibernate.jpa.internal.util.LogHelper  : HHH000204: Processing PersistenceUnitInfo [name: default]
2025-06-07T14:13:29.936+05:30  INFO 24784 --- [test-project] [           main] org.hibernate.Version                    : HHH000412: Hibernate ORM core version 6.5.2.Final
2025-06-07T14:13:29.979+05:30  INFO 24784 --- [test-project] [           main] o.h.c.internal.RegionFactoryInitiator    : HHH000026: Second-level cache disabled
2025-06-07T14:13:30.304+05:30  INFO 24784 --- [test-project] [           main] o.s.o.j.p.SpringPersistenceUnitInfo      : No LoadTimeWeaver setup: ignoring JPA class transformer
2025-06-07T14:13:30.669+05:30  INFO 24784 --- [test-project] [           main] o.h.e.t.j.p.i.JtaPlatformInitiator       : HHH000489: No JTA platform available (set 'hibernate.transaction.jta.platform' to enable JTA platform integration)
2025-06-07T14:13:30.674+05:30  INFO 24784 --- [test-project] [           main] j.LocalContainerEntityManagerFactoryBean : Initialized JPA EntityManagerFactory for persistence unit 'default'
2025-06-07T14:13:31.935+05:30  INFO 24784 --- [test-project] [           main] o.s.b.a.e.web.EndpointLinksResolver      : Exposing 1 endpoint beneath base path '/actuator'
2025-06-07T14:13:32.033+05:30  INFO 24784 --- [test-project] [           main] c.n.t.TestProjectApplicationTests        : Started TestProjectApplicationTests in 5.424 seconds (process running for 6.405)
]]></system-out>
  </testcase>
</testsuite>